<?xml version="1.0" encoding="UTF-8"?>
<!-- Generated by org.testng.reporters.JUnitReportReporter -->
<testsuite skipped="0" hostname="Balas" name="com.rise.testcases.LoginTest" tests="1" failures="0" timestamp="13 May 2018 09:09:02 GMT" time="3.192" errors="0">
  <testcase name="loginAsBankManager" time="3.192" classname="com.rise.testcases.LoginTest"/>
</testsuite> <!-- com.rise.testcases.LoginTest -->
